[0.387s] Invoking command in '/home/nvmr/zadanie_ws/src/zadanie1': PYTHONPATH=/home/nvmr/zadanie_ws/install/zadanie1/lib/python3.8/site-packages:${PYTHONPATH} /usr/bin/python3 setup.py egg_info --egg-base ../../build/zadanie1 build --build-base /home/nvmr/zadanie_ws/build/zadanie1/build install --prefix /home/nvmr/zadanie_ws/install/zadanie1 --record /home/nvmr/zadanie_ws/build/zadanie1/install.log --single-version-externally-managed
[0.644s] running egg_info
[0.645s] writing ../../build/zadanie1/zadanie1.egg-info/PKG-INFO
[0.647s] writing dependency_links to ../../build/zadanie1/zadanie1.egg-info/dependency_links.txt
[0.647s] writing entry points to ../../build/zadanie1/zadanie1.egg-info/entry_points.txt
[0.647s] writing requirements to ../../build/zadanie1/zadanie1.egg-info/requires.txt
[0.647s] writing top-level names to ../../build/zadanie1/zadanie1.egg-info/top_level.txt
[0.694s] reading manifest file '../../build/zadanie1/zadanie1.egg-info/SOURCES.txt'
[0.696s] writing manifest file '../../build/zadanie1/zadanie1.egg-info/SOURCES.txt'
[0.697s] running build
[0.698s] running build_py
[0.699s] copying zadanie1/sub.py -> /home/nvmr/zadanie_ws/build/zadanie1/build/lib/zadanie1
[0.700s] running install
[0.701s] running install_lib
[0.703s] copying /home/nvmr/zadanie_ws/build/zadanie1/build/lib/zadanie1/sub.py -> /home/nvmr/zadanie_ws/install/zadanie1/lib/python3.8/site-packages/zadanie1
[0.704s] byte-compiling /home/nvmr/zadanie_ws/install/zadanie1/lib/python3.8/site-packages/zadanie1/sub.py to sub.cpython-38.pyc
[0.706s] running install_data
[0.707s] running install_egg_info
[0.710s] removing '/home/nvmr/zadanie_ws/install/zadanie1/lib/python3.8/site-packages/zadanie1-0.0.0-py3.8.egg-info' (and everything under it)
[0.710s] Copying ../../build/zadanie1/zadanie1.egg-info to /home/nvmr/zadanie_ws/install/zadanie1/lib/python3.8/site-packages/zadanie1-0.0.0-py3.8.egg-info
[0.711s] running install_scripts
[0.738s] Installing listener script to /home/nvmr/zadanie_ws/install/zadanie1/lib/zadanie1
[0.739s] Installing talker script to /home/nvmr/zadanie_ws/install/zadanie1/lib/zadanie1
[0.739s] writing list of installed files to '/home/nvmr/zadanie_ws/build/zadanie1/install.log'
[0.783s] Invoked command in '/home/nvmr/zadanie_ws/src/zadanie1' returned '0': PYTHONPATH=/home/nvmr/zadanie_ws/install/zadanie1/lib/python3.8/site-packages:${PYTHONPATH} /usr/bin/python3 setup.py egg_info --egg-base ../../build/zadanie1 build --build-base /home/nvmr/zadanie_ws/build/zadanie1/build install --prefix /home/nvmr/zadanie_ws/install/zadanie1 --record /home/nvmr/zadanie_ws/build/zadanie1/install.log --single-version-externally-managed
