[0.372s] Invoking command in '/home/nvmr/zadanie_ws/src/zadanie1': PYTHONPATH=/home/nvmr/zadanie_ws/install/zadanie1/lib/python3.8/site-packages:${PYTHONPATH} /usr/bin/python3 setup.py egg_info --egg-base ../../build/zadanie1 build --build-base /home/nvmr/zadanie_ws/build/zadanie1/build install --prefix /home/nvmr/zadanie_ws/install/zadanie1 --record /home/nvmr/zadanie_ws/build/zadanie1/install.log --single-version-externally-managed
[0.654s] running egg_info
[0.655s] writing ../../build/zadanie1/zadanie1.egg-info/PKG-INFO
[0.657s] writing dependency_links to ../../build/zadanie1/zadanie1.egg-info/dependency_links.txt
[0.658s] writing entry points to ../../build/zadanie1/zadanie1.egg-info/entry_points.txt
[0.659s] writing requirements to ../../build/zadanie1/zadanie1.egg-info/requires.txt
[0.660s] writing top-level names to ../../build/zadanie1/zadanie1.egg-info/top_level.txt
[0.702s] reading manifest file '../../build/zadanie1/zadanie1.egg-info/SOURCES.txt'
[0.704s] writing manifest file '../../build/zadanie1/zadanie1.egg-info/SOURCES.txt'
[0.704s] running build
[0.705s] running build_py
[0.705s] copying zadanie1/sub.py -> /home/nvmr/zadanie_ws/build/zadanie1/build/lib/zadanie1
[0.706s] running install
[0.708s] running install_lib
[0.710s] copying /home/nvmr/zadanie_ws/build/zadanie1/build/lib/zadanie1/sub.py -> /home/nvmr/zadanie_ws/install/zadanie1/lib/python3.8/site-packages/zadanie1
[0.711s] byte-compiling /home/nvmr/zadanie_ws/install/zadanie1/lib/python3.8/site-packages/zadanie1/sub.py to sub.cpython-38.pyc
[0.714s] running install_data
[0.715s] running install_egg_info
[0.717s] removing '/home/nvmr/zadanie_ws/install/zadanie1/lib/python3.8/site-packages/zadanie1-0.0.0-py3.8.egg-info' (and everything under it)
[0.718s] Copying ../../build/zadanie1/zadanie1.egg-info to /home/nvmr/zadanie_ws/install/zadanie1/lib/python3.8/site-packages/zadanie1-0.0.0-py3.8.egg-info
[0.719s] running install_scripts
[0.746s] Installing listener script to /home/nvmr/zadanie_ws/install/zadanie1/lib/zadanie1
[0.747s] Installing talker script to /home/nvmr/zadanie_ws/install/zadanie1/lib/zadanie1
[0.748s] writing list of installed files to '/home/nvmr/zadanie_ws/build/zadanie1/install.log'
[0.780s] Invoked command in '/home/nvmr/zadanie_ws/src/zadanie1' returned '0': PYTHONPATH=/home/nvmr/zadanie_ws/install/zadanie1/lib/python3.8/site-packages:${PYTHONPATH} /usr/bin/python3 setup.py egg_info --egg-base ../../build/zadanie1 build --build-base /home/nvmr/zadanie_ws/build/zadanie1/build install --prefix /home/nvmr/zadanie_ws/install/zadanie1 --record /home/nvmr/zadanie_ws/build/zadanie1/install.log --single-version-externally-managed
