[0.508s] Invoking command in '/home/nvmr/zadanie_ws/src/zadanie1': PYTHONPATH=/home/nvmr/zadanie_ws/install/zadanie1/lib/python3.8/site-packages:${PYTHONPATH} /usr/bin/python3 setup.py egg_info --egg-base ../../build/zadanie1 build --build-base /home/nvmr/zadanie_ws/build/zadanie1/build install --prefix /home/nvmr/zadanie_ws/install/zadanie1 --record /home/nvmr/zadanie_ws/build/zadanie1/install.log --single-version-externally-managed
[0.835s] running egg_info
[0.838s] writing ../../build/zadanie1/zadanie1.egg-info/PKG-INFO
[0.839s] writing dependency_links to ../../build/zadanie1/zadanie1.egg-info/dependency_links.txt
[0.840s] writing entry points to ../../build/zadanie1/zadanie1.egg-info/entry_points.txt
[0.840s] writing requirements to ../../build/zadanie1/zadanie1.egg-info/requires.txt
[0.840s] writing top-level names to ../../build/zadanie1/zadanie1.egg-info/top_level.txt
[0.886s] reading manifest file '../../build/zadanie1/zadanie1.egg-info/SOURCES.txt'
[0.887s] writing manifest file '../../build/zadanie1/zadanie1.egg-info/SOURCES.txt'
[0.888s] running build
[0.888s] running build_py
[0.888s] copying zadanie1/sub.py -> /home/nvmr/zadanie_ws/build/zadanie1/build/lib/zadanie1
[0.889s] running install
[0.890s] running install_lib
[0.891s] copying /home/nvmr/zadanie_ws/build/zadanie1/build/lib/zadanie1/sub.py -> /home/nvmr/zadanie_ws/install/zadanie1/lib/python3.8/site-packages/zadanie1
[0.892s] byte-compiling /home/nvmr/zadanie_ws/install/zadanie1/lib/python3.8/site-packages/zadanie1/sub.py to sub.cpython-38.pyc
[0.895s] running install_data
[0.896s] running install_egg_info
[0.898s] removing '/home/nvmr/zadanie_ws/install/zadanie1/lib/python3.8/site-packages/zadanie1-0.0.0-py3.8.egg-info' (and everything under it)
[0.899s] Copying ../../build/zadanie1/zadanie1.egg-info to /home/nvmr/zadanie_ws/install/zadanie1/lib/python3.8/site-packages/zadanie1-0.0.0-py3.8.egg-info
[0.900s] running install_scripts
[0.918s] Installing listener script to /home/nvmr/zadanie_ws/install/zadanie1/lib/zadanie1
[0.919s] Installing talker script to /home/nvmr/zadanie_ws/install/zadanie1/lib/zadanie1
[0.920s] writing list of installed files to '/home/nvmr/zadanie_ws/build/zadanie1/install.log'
[0.976s] Invoked command in '/home/nvmr/zadanie_ws/src/zadanie1' returned '0': PYTHONPATH=/home/nvmr/zadanie_ws/install/zadanie1/lib/python3.8/site-packages:${PYTHONPATH} /usr/bin/python3 setup.py egg_info --egg-base ../../build/zadanie1 build --build-base /home/nvmr/zadanie_ws/build/zadanie1/build install --prefix /home/nvmr/zadanie_ws/install/zadanie1 --record /home/nvmr/zadanie_ws/build/zadanie1/install.log --single-version-externally-managed
